  [1m[36m (0.0ms)[0m  [1mselect sqlite_version(*)[0m
  [1m[35m (78.1ms)[0m  CREATE TABLE "schema_migrations" ("version" varchar(255) NOT NULL) 
  [1m[36m (0.0ms)[0m  [1mPRAGMA index_list("schema_migrations")[0m
  [1m[35m (78.1ms)[0m  CREATE UNIQUE INDEX "unique_schema_migrations" ON "schema_migrations" ("version")
  [1m[36m (0.0ms)[0m  [1mSELECT "schema_migrations"."version" FROM "schema_migrations" [0m
Migrating to CreatePosts (20110901012504)
  [1m[35m (0.0ms)[0m  begin transaction
  [1m[36m (0.0ms)[0m  [1mCREATE TABLE "posts" ("id" INTEGER PRIMARY KEY AUTOINCREMENT NOT NULL, "name" varchar(255), "title" varchar(255), "content" text, "created_at" datetime NOT NULL, "updated_at" datetime NOT NULL) [0m
  [1m[35m (0.0ms)[0m  INSERT INTO "schema_migrations" ("version") VALUES ('20110901012504')
  [1m[36m (78.1ms)[0m  [1mcommit transaction[0m
Migrating to CreateComments (20110901012815)
  [1m[35m (0.0ms)[0m  begin transaction
  [1m[36m (0.0ms)[0m  [1mCREATE TABLE "comments" ("id" INTEGER PRIMARY KEY AUTOINCREMENT NOT NULL, "commenter" varchar(255), "body" text, "post_id" integer, "created_at" datetime NOT NULL, "updated_at" datetime NOT NULL) [0m
  [1m[35m (0.0ms)[0m  PRAGMA index_list("comments")
  [1m[36m (0.0ms)[0m  [1mCREATE INDEX "index_comments_on_post_id" ON "comments" ("post_id")[0m
  [1m[35m (0.0ms)[0m  INSERT INTO "schema_migrations" ("version") VALUES ('20110901012815')
  [1m[36m (93.8ms)[0m  [1mcommit transaction[0m
Migrating to CreateTags (20110901013701)
  [1m[35m (0.0ms)[0m  begin transaction
  [1m[36m (0.0ms)[0m  [1mCREATE TABLE "tags" ("id" INTEGER PRIMARY KEY AUTOINCREMENT NOT NULL, "name" varchar(255), "post_id" integer, "created_at" datetime NOT NULL, "updated_at" datetime NOT NULL) [0m
  [1m[35m (0.0ms)[0m  PRAGMA index_list("tags")
  [1m[36m (0.0ms)[0m  [1mCREATE INDEX "index_tags_on_post_id" ON "tags" ("post_id")[0m
  [1m[35m (0.0ms)[0m  INSERT INTO "schema_migrations" ("version") VALUES ('20110901013701')
  [1m[36m (93.8ms)[0m  [1mcommit transaction[0m
  [1m[35m (0.0ms)[0m  select sqlite_version(*)
  [1m[36m (0.0ms)[0m  [1mSELECT "schema_migrations"."version" FROM "schema_migrations" [0m
  [1m[35m (0.0ms)[0m  PRAGMA index_list("comments")
  [1m[36m (0.0ms)[0m  [1mPRAGMA index_info('index_comments_on_post_id')[0m
  [1m[35m (0.0ms)[0m  PRAGMA index_list("posts")
  [1m[36m (0.0ms)[0m  [1mPRAGMA index_list("tags")[0m
  [1m[35m (0.0ms)[0m  PRAGMA index_info('index_tags_on_post_id')


Started GET "/" for 127.0.0.1 at 2012-02-08 16:21:18 -0500
Processing by HomeController#index as HTML
  Rendered home/index.html.erb within layouts/application (31.2ms)
Compiled comments.css  (187ms)  (pid 3552)
Compiled home.css  (31ms)  (pid 3552)
Compiled posts.css  (15ms)  (pid 3552)
Compiled scaffolds.css  (46ms)  (pid 3552)
Compiled application.css  (874ms)  (pid 3552)
Compiled jquery.js  (15ms)  (pid 3552)
Compiled jquery_ujs.js  (0ms)  (pid 3552)
Compiled comments.js  (359ms)  (pid 3552)
Compiled home.js  (187ms)  (pid 3552)
Compiled posts.js  (125ms)  (pid 3552)
Compiled application.js  (1375ms)  (pid 3552)
Completed 200 OK in 2922ms (Views: 2921.9ms | ActiveRecord: 0.0ms)


Started GET "/assets/posts.css?body=1" for 127.0.0.1 at 2012-02-08 16:21:23 -0500
Served asset /posts.css - 200 OK (15ms)


Started GET "/assets/application.css?body=1" for 127.0.0.1 at 2012-02-08 16:21:23 -0500
Served asset /application.css - 200 OK (15ms)


Started GET "/assets/home.css?body=1" for 127.0.0.1 at 2012-02-08 16:21:23 -0500
Served asset /home.css - 200 OK (0ms)


Started GET "/assets/comments.css?body=1" for 127.0.0.1 at 2012-02-08 16:21:23 -0500
Served asset /comments.css - 200 OK (0ms)


Started GET "/assets/scaffolds.css?body=1" for 127.0.0.1 at 2012-02-08 16:21:23 -0500
Served asset /scaffolds.css - 304 Not Modified (0ms)


Started GET "/assets/jquery.js?body=1" for 127.0.0.1 at 2012-02-08 16:21:23 -0500
Served asset /jquery.js - 304 Not Modified (15ms)


Started GET "/assets/jquery_ujs.js?body=1" for 127.0.0.1 at 2012-02-08 16:21:23 -0500
Served asset /jquery_ujs.js - 304 Not Modified (15ms)


Started GET "/assets/comments.js?body=1" for 127.0.0.1 at 2012-02-08 16:21:23 -0500
Served asset /comments.js - 200 OK (0ms)


Started GET "/assets/home.js?body=1" for 127.0.0.1 at 2012-02-08 16:21:23 -0500
Served asset /home.js - 200 OK (0ms)


Started GET "/assets/posts.js?body=1" for 127.0.0.1 at 2012-02-08 16:21:23 -0500
Served asset /posts.js - 200 OK (0ms)


Started GET "/assets/application.js?body=1" for 127.0.0.1 at 2012-02-08 16:21:23 -0500
Served asset /application.js - 304 Not Modified (15ms)


Started GET "/posts" for 127.0.0.1 at 2012-02-08 16:22:18 -0500
Processing by PostsController#index as HTML
  [1m[36mPost Load (0.0ms)[0m  [1mSELECT "posts".* FROM "posts" [0m
  Rendered posts/index.html.erb within layouts/application (0.0ms)
Completed 200 OK in 16ms (Views: 15.6ms | ActiveRecord: 0.0ms)


Started GET "/assets/jquery.js?body=1" for 127.0.0.1 at 2012-02-08 16:22:18 -0500
Served asset /jquery.js - 304 Not Modified (0ms)


Started GET "/assets/scaffolds.css?body=1" for 127.0.0.1 at 2012-02-08 16:22:18 -0500
Served asset /scaffolds.css - 304 Not Modified (0ms)


Started GET "/assets/jquery_ujs.js?body=1" for 127.0.0.1 at 2012-02-08 16:22:18 -0500
Served asset /jquery_ujs.js - 304 Not Modified (0ms)


Started GET "/assets/application.js?body=1" for 127.0.0.1 at 2012-02-08 16:22:18 -0500
Served asset /application.js - 304 Not Modified (0ms)


Started GET "/posts/new" for 127.0.0.1 at 2012-02-08 16:22:21 -0500
Processing by PostsController#new as HTML
Filter chain halted as #<Proc:0x2164aa0@C:/Ruby193/lib/ruby/gems/1.9.1/gems/actionpack-3.2.0/lib/action_controller/metal/http_authentication.rb:112> rendered or redirected
Completed 401 Unauthorized in 0ms (ActiveRecord: 0.0ms)


Started GET "/posts/new" for 127.0.0.1 at 2012-02-08 16:25:17 -0500
Processing by PostsController#new as HTML
Filter chain halted as #<Proc:0x2164aa0@C:/Ruby193/lib/ruby/gems/1.9.1/gems/actionpack-3.2.0/lib/action_controller/metal/http_authentication.rb:112> rendered or redirected
Completed 401 Unauthorized in 0ms (ActiveRecord: 0.0ms)


Started GET "/posts/new" for 127.0.0.1 at 2012-02-08 16:25:22 -0500
Processing by PostsController#new as HTML
Filter chain halted as #<Proc:0x2164aa0@C:/Ruby193/lib/ruby/gems/1.9.1/gems/actionpack-3.2.0/lib/action_controller/metal/http_authentication.rb:112> rendered or redirected
Completed 401 Unauthorized in 0ms (ActiveRecord: 0.0ms)


Started GET "/posts/new" for 127.0.0.1 at 2012-02-08 16:25:25 -0500
Processing by PostsController#new as HTML
Filter chain halted as #<Proc:0x2164aa0@C:/Ruby193/lib/ruby/gems/1.9.1/gems/actionpack-3.2.0/lib/action_controller/metal/http_authentication.rb:112> rendered or redirected
Completed 401 Unauthorized in 0ms (ActiveRecord: 0.0ms)


Started GET "/posts/new" for 127.0.0.1 at 2012-02-08 16:25:34 -0500
Processing by PostsController#new as HTML
Filter chain halted as #<Proc:0x2164aa0@C:/Ruby193/lib/ruby/gems/1.9.1/gems/actionpack-3.2.0/lib/action_controller/metal/http_authentication.rb:112> rendered or redirected
Completed 401 Unauthorized in 0ms (ActiveRecord: 0.0ms)


Started GET "/posts/new" for 127.0.0.1 at 2012-02-08 16:26:49 -0500
Processing by PostsController#new as HTML
Filter chain halted as #<Proc:0x2164aa0@C:/Ruby193/lib/ruby/gems/1.9.1/gems/actionpack-3.2.0/lib/action_controller/metal/http_authentication.rb:112> rendered or redirected
Completed 401 Unauthorized in 0ms (ActiveRecord: 0.0ms)


Started GET "/" for 127.0.0.1 at 2012-02-08 16:27:44 -0500
Processing by HomeController#index as HTML
  Rendered home/index.html.erb within layouts/application (0.0ms)
Completed 200 OK in 0ms (Views: 0.0ms | ActiveRecord: 0.0ms)


Started GET "/assets/comments.css?body=1" for 127.0.0.1 at 2012-02-08 16:27:44 -0500
Served asset /comments.css - 304 Not Modified (0ms)


Started GET "/assets/jquery.js?body=1" for 127.0.0.1 at 2012-02-08 16:27:44 -0500
Served asset /jquery.js - 304 Not Modified (0ms)


Started GET "/assets/posts.css?body=1" for 127.0.0.1 at 2012-02-08 16:27:44 -0500
Served asset /posts.css - 304 Not Modified (0ms)


Started GET "/assets/scaffolds.css?body=1" for 127.0.0.1 at 2012-02-08 16:27:44 -0500
Served asset /scaffolds.css - 304 Not Modified (0ms)


Started GET "/assets/application.css?body=1" for 127.0.0.1 at 2012-02-08 16:27:44 -0500
Served asset /application.css - 304 Not Modified (0ms)


Started GET "/assets/home.css?body=1" for 127.0.0.1 at 2012-02-08 16:27:44 -0500
Served asset /home.css - 304 Not Modified (0ms)


Started GET "/assets/jquery_ujs.js?body=1" for 127.0.0.1 at 2012-02-08 16:27:44 -0500
Served asset /jquery_ujs.js - 304 Not Modified (0ms)


Started GET "/assets/comments.js?body=1" for 127.0.0.1 at 2012-02-08 16:27:44 -0500
Served asset /comments.js - 304 Not Modified (0ms)


Started GET "/assets/home.js?body=1" for 127.0.0.1 at 2012-02-08 16:27:44 -0500
Served asset /home.js - 304 Not Modified (0ms)


Started GET "/assets/posts.js?body=1" for 127.0.0.1 at 2012-02-08 16:27:44 -0500
Served asset /posts.js - 304 Not Modified (0ms)


Started GET "/assets/application.js?body=1" for 127.0.0.1 at 2012-02-08 16:27:44 -0500
Served asset /application.js - 304 Not Modified (0ms)


Started GET "/posts" for 127.0.0.1 at 2012-02-08 16:28:28 -0500
Processing by PostsController#index as HTML
  [1m[35mPost Load (0.0ms)[0m  SELECT "posts".* FROM "posts" 
  Rendered posts/index.html.erb within layouts/application (0.0ms)
Completed 200 OK in 16ms (Views: 15.6ms | ActiveRecord: 0.0ms)


Started GET "/assets/application.css?body=1" for 127.0.0.1 at 2012-02-08 16:28:28 -0500
Served asset /application.css - 304 Not Modified (0ms)


Started GET "/assets/comments.css?body=1" for 127.0.0.1 at 2012-02-08 16:28:28 -0500
Served asset /comments.css - 304 Not Modified (0ms)


Started GET "/assets/home.css?body=1" for 127.0.0.1 at 2012-02-08 16:28:28 -0500
Served asset /home.css - 304 Not Modified (0ms)


Started GET "/assets/posts.css?body=1" for 127.0.0.1 at 2012-02-08 16:28:28 -0500
Served asset /posts.css - 304 Not Modified (0ms)


Started GET "/assets/scaffolds.css?body=1" for 127.0.0.1 at 2012-02-08 16:28:28 -0500
Served asset /scaffolds.css - 304 Not Modified (0ms)


Started GET "/assets/jquery_ujs.js?body=1" for 127.0.0.1 at 2012-02-08 16:28:28 -0500
Served asset /jquery_ujs.js - 304 Not Modified (0ms)


Started GET "/assets/comments.js?body=1" for 127.0.0.1 at 2012-02-08 16:28:28 -0500
Served asset /comments.js - 304 Not Modified (0ms)


Started GET "/assets/home.js?body=1" for 127.0.0.1 at 2012-02-08 16:28:28 -0500
Served asset /home.js - 304 Not Modified (0ms)


Started GET "/assets/application.js?body=1" for 127.0.0.1 at 2012-02-08 16:28:28 -0500
Served asset /application.js - 304 Not Modified (0ms)


Started GET "/assets/posts.js?body=1" for 127.0.0.1 at 2012-02-08 16:28:28 -0500
Served asset /posts.js - 304 Not Modified (0ms)


Started GET "/assets/jquery.js?body=1" for 127.0.0.1 at 2012-02-08 16:28:28 -0500
Served asset /jquery.js - 304 Not Modified (0ms)
